build/app/outputs/mapping/release/seeds.txt
com.paulonia.coffee_challenge.MainActivity: MainActivity()
com.paulonia.coffee_challenge.MainActivity
...
io.flutter.embedding.engine.FlutterJNI: void dispatchPlatformMessage(java.lang.String,java.nio.ByteBuffer,int,int)
io.flutter.view.AccessibilityViewEmbedder: void setFlutterNodesTranslateBounds(android.view.accessibility.AccessibilityNodeInfo,android.graphics.Rect,android.view.accessibility.AccessibilityNodeInfo)
io.flutter.embedding.engine.FlutterJNI: java.lang.String TAG
android.support.v4.app.RemoteActionCompatParcelizer: void write(androidx.core.app.RemoteActionCompat,androidx.versionedparcelable.VersionedParcel)
io.flutter.embedding.engine.FlutterJNI: void attachToNative(boolean)
io.flutter.embedding.android.FlutterSplashView$SavedState: android.os.Bundle access$702(io.flutter.embedding.android.FlutterSplashView$SavedState,android.os.Bundle)
io.flutter.view.AccessibilityBridge$AccessibilityFeature: io.flutter.view.AccessibilityBridge$AccessibilityFeature valueOf(java.lang.String)
io.flutter.embedding.engine.FlutterJNI: void setPlatformViewsController(io.flutter.plugin.platform.PlatformViewsController)
androidx.activity.ImmLeaksCleaner
io.flutter.plugins.GeneratedPluginRegistrant: void registerWith(io.flutter.embedding.engine.FlutterEngine)
io.flutter.embedding.engine.renderer.SurfaceTextureWrapper
io.flutter.embedding.engine.systemchannels.PlatformChannel$SoundType: io.flutter.embedding.engine.systemchannels.PlatformChannel$SoundType[] values()
io.flutter.view.AccessibilityViewEmbedder: void copyAccessibilityFields(android.view.accessibility.AccessibilityNodeInfo,android.view.accessibility.AccessibilityNodeInfo)
androidx.lifecycle.Lifecycle$Event: androidx.lifecycle.Lifecycle$Event ON_CREATE
io.flutter.view.AccessibilityViewEmbedder: io.flutter.view.AccessibilityViewEmbedder$ReflectionAccessors reflectionAccessors
io.flutter.view.FlutterCallbackInformation
io.flutter.embedding.android.FlutterView$ZeroSides: io.flutter.embedding.android.FlutterView$ZeroSides valueOf(java.lang.String)
io.flutter.plugin.platform.SingleViewPresentation: io.flutter.plugin.platform.PlatformView getView()
androidx.core.app.RemoteActionCompatParcelizer
io.flutter.embedding.android.DrawableSplashScreen$DrawableSplashScreenView: void setSplashDrawable(android.graphics.drawable.Drawable)
io.flutter.view.AccessibilityViewEmbedder: android.view.View rootAccessibilityView
androidx.core.app.RemoteActionCompat
io.flutter.embedding.engine.FlutterJNI: boolean nativeFlutterTextUtilsIsRegionalIndicator(int)
io.flutter.embedding.engine.FlutterJNI: java.lang.Long nativeShellHolderId
androidx.core.app.CoreComponentFactory: CoreComponentFactory()
io.flutter.embedding.android.FlutterActivityLaunchConfigs$BackgroundMode: io.flutter.embedding.android.FlutterActivityLaunchConfigs$BackgroundMode[] values()
io.flutter.embedding.engine.plugins.lifecycle.HiddenLifecycleReference: HiddenLifecycleReference(androidx.lifecycle.Lifecycle)
io.flutter.plugin.editing.ImeSyncDeferringInsetsCallback: boolean access$300(io.flutter.plugin.editing.ImeSyncDeferringInsetsCallback)
io.flutter.plugin.editing.ImeSyncDeferringInsetsCallback: boolean access$200(io.flutter.plugin.editing.ImeSyncDeferringInsetsCallback)
io.flutter.embedding.engine.mutatorsstack.FlutterMutatorView: android.graphics.Matrix getPlatformViewMatrix()
io.flutter.view.AccessibilityViewEmbedder: boolean requestSendAccessibilityEvent(android.view.View,android.view.View,android.view.accessibility.AccessibilityEvent)
io.flutter.embedding.engine.FlutterOverlaySurface: FlutterOverlaySurface(int,android.view.Surface)
io.flutter.view.AccessibilityViewEmbedder
android.support.v4.graphics.drawable.IconCompatParcelizer: androidx.core.graphics.drawable.IconCompat read(androidx.versionedparcelable.VersionedParcel)
io.flutter.embedding.engine.FlutterJNI: boolean nativeFlutterTextUtilsIsVariationSelector(int)
android.support.v4.graphics.drawable.IconCompatParcelizer
io.flutter.embedding.engine.FlutterJNI: void updateSemantics(java.nio.ByteBuffer,java.lang.String[])