build/app/outputs/mapping/release/mapping.txt
# compiler: R8
# compiler_version: 2.1.62
# min_api: 16
# pg_map_id: 305d246
# common_typos_disable
...
androidx.lifecycle.LiveData -> androidx.lifecycle.LiveData:
    int mActiveCount -> a
    void dispatchingValue(androidx.lifecycle.LiveData$ObserverWrapper) -> a
    void onActive() -> b
    void onInactive() -> c
    void removeObserver(androidx.lifecycle.Observer) -> d
androidx.lifecycle.LiveData$LifecycleBoundObserver -> androidx.lifecycle.LiveData$LifecycleBoundObserver:
    androidx.lifecycle.LiveData this$0 -> e
    androidx.lifecycle.LifecycleOwner mOwner -> d
    void onStateChanged(androidx.lifecycle.LifecycleOwner,androidx.lifecycle.Lifecycle$Event) -> g
    boolean shouldBeActive() -> i
androidx.lifecycle.LiveData$ObserverWrapper -> androidx.lifecycle.LiveData$a:
    androidx.lifecycle.LiveData this$0 -> c
    androidx.lifecycle.Observer mObserver -> a
    boolean mActive -> b
    void activeStateChanged(boolean) -> h
androidx.lifecycle.MethodCallsLogger -> androidx.lifecycle.i:
androidx.lifecycle.Observer -> androidx.lifecycle.j:
androidx.lifecycle.ReflectiveGenericLifecycleObserver -> androidx.lifecycle.ReflectiveGenericLifecycleObserver:
    androidx.lifecycle.ClassesInfoCache$CallbackInfo mInfo -> b
    java.lang.Object mWrapped -> a
    void onStateChanged(androidx.lifecycle.LifecycleOwner,androidx.lifecycle.Lifecycle$Event) -> g
androidx.lifecycle.SingleGeneratedAdapterObserver -> androidx.lifecycle.SingleGeneratedAdapterObserver:
    androidx.lifecycle.GeneratedAdapter mGeneratedAdapter -> a
    void onStateChanged(androidx.lifecycle.LifecycleOwner,androidx.lifecycle.Lifecycle$Event) -> g
androidx.lifecycle.ViewModelStore -> androidx.lifecycle.k:
    void clear() -> a
androidx.savedstate.Recreator -> androidx.savedstate.Recreator:
    androidx.savedstate.SavedStateRegistryOwner mOwner -> a
    void onStateChanged(androidx.lifecycle.LifecycleOwner,androidx.lifecycle.Lifecycle$Event) -> g
androidx.savedstate.SavedStateRegistry -> androidx.savedstate.a:
    boolean mAllowingSavingState -> a
    android.os.Bundle consumeRestoredStateForKey(java.lang.String) -> a
androidx.savedstate.SavedStateRegistry$1 -> androidx.savedstate.SavedStateRegistry$1:
    androidx.savedstate.SavedStateRegistry this$0 -> a
    void onStateChanged(androidx.lifecycle.LifecycleOwner,androidx.lifecycle.Lifecycle$Event) -> g
androidx.savedstate.SavedStateRegistryOwner -> androidx.savedstate.b:
    androidx.savedstate.SavedStateRegistry getSavedStateRegistry() -> j
androidx.versionedparcelable.ParcelImpl -> androidx.versionedparcelable.ParcelImpl:
    androidx.versionedparcelable.VersionedParcelable mParcel -> a
androidx.versionedparcelable.ParcelImpl$1 -> androidx.versionedparcelable.ParcelImpl$a:
    androidx.versionedparcelable.ParcelImpl createFromParcel(android.os.Parcel) -> a
    androidx.versionedparcelable.ParcelImpl[] newArray(int) -> b