build/app/outputs/mapping/release/usage.txt
com.paulonia.coffee_challenge.R$layout
com.paulonia.coffee_challenge.R$color
com.paulonia.coffee_challenge.R$string
com.paulonia.coffee_challenge.R$attr
com.paulonia.coffee_challenge.BuildConfig
com.paulonia.coffee_challenge.R$id
com.paulonia.coffee_challenge.R$drawable
com.paulonia.coffee_challenge.R$mipmap
com.paulonia.coffee_challenge.R
com.paulonia.coffee_challenge.R$styleable
com.paulonia.coffee_challenge.R$integer
com.paulonia.coffee_challenge.R$dimen
com.paulonia.coffee_challenge.R$style
...
androidx.core.app.ActivityRecreator$LifecycleCheckCallbacks
androidx.fragment.app.FragmentManagerImpl$6
io.flutter.embedding.engine.plugins.service.ServiceAware:
    public abstract void onAttachedToService(io.flutter.embedding.engine.plugins.service.ServicePluginBinding)
io.flutter.embedding.engine.systemchannels.DeferredComponentChannel:
    public void completeInstallSuccess(java.lang.String)
    public void completeInstallError(java.lang.String,java.lang.String)
    private static final java.lang.String TAG
kotlin.jvm.internal.LocalVariableReferencesKt
kotlin.coroutines.CoroutineContext$DefaultImpls
androidx.core.os.LocaleListInterface
kotlin.random.URandomKt
kotlin.jvm.internal.LongSpreadBuilder
androidx.core.widget.ContentLoadingProgressBar$2
kotlin.collections.unsigned.UArraysKt___UArraysKt$withIndex$3
androidx.annotation.TransitionRes
androidx.fragment.app.FragmentTransition$2
kotlin.jvm.internal.ArrayIteratorKt
kotlin.sequences.Sequence
androidx.core.app.ComponentActivity$ExtraData
androidx.annotation.BinderThread
kotlin.text.StringsKt___StringsKt$groupingBy$1
io.flutter.app.FlutterActivityDelegate$ViewFactory
io.flutter.embedding.engine.plugins.contentprovider.ContentProviderControlSurface
kotlin.sequences.SequencesKt___SequencesKt$minus$3
androidx.fragment.app.FragmentTabHost$SavedState
io.flutter.embedding.android.FlutterFragment$1
androidx.core.app.ActivityRecreator$1
kotlin.io.TerminateException
kotlin.comparisons.UComparisonsKt___UComparisonsKt
androidx.annotation.PluralsRes
kotlin.reflect.KProperty2
androidx.core.content.pm.ShortcutManagerCompat$1
kotlin.text.StringsKt___StringsKt$windowedSequence$1
androidx.core.app.JobIntentService$CompatWorkItem
androidx.core.text.TextDirectionHeuristicsCompat
kotlin.collections.State
androidx.annotation.Nullable
kotlin.sequences.TakeSequence
io.flutter.embedding.engine.loader.ResourceExtractor:
    static long getVersionCode(android.content.pm.PackageInfo)
    void <init>(java.lang.String,java.lang.String,android.content.pm.PackageManager,android.content.res.AssetManager)
    private static java.lang.String[] getExistingTimestamps(java.io.File)
    private static void deleteFiles(java.lang.String,java.util.HashSet)
    private static java.lang.String checkTimestamp(java.io.File,android.content.pm.PackageManager,java.lang.String)
    private static void copy(java.io.InputStream,java.io.OutputStream)
    private static java.lang.String[] getSupportedAbis()
    static synthetic java.lang.String access$000(java.io.File,android.content.pm.PackageManager,java.lang.String)
    static synthetic void access$100(java.lang.String,java.util.HashSet)
    static synthetic void access$200(java.io.InputStream,java.io.OutputStream)
    static void <clinit>()
    io.flutter.embedding.engine.loader.ResourceExtractor addResource(java.lang.String)
    io.flutter.embedding.engine.loader.ResourceExtractor addResources(java.util.Collection)
    io.flutter.embedding.engine.loader.ResourceExtractor start()
    private final java.lang.String mDataDirPath
    private final java.lang.String mPackageName
    private final android.content.pm.PackageManager mPackageManager
    private final android.content.res.AssetManager mAssetManager
    private final java.util.HashSet mResources
kotlin.comparisons.ComparisonsKt__ComparisonsKt$compareByDescending$1
kotlin.coroutines.experimental.Continuation
androidx.core.content.res.ResourcesCompat$FontCallback
io.flutter.embedding.engine.plugins.shim.ShimPluginRegistry$ShimRegistrarAggregate
kotlin.random.Random$Default
kotlin.concurrent.LocksKt
kotlin.collections.ArraysKt__ArraysJVMKt
kotlin.ULong
kotlin.io.FilesKt
kotlin.jvm.internal.LongCompanionObject
kotlin.contracts.Effect
org.intellij.lang.annotations.JdkConstants$TabPlacement
androidx.fragment.app.FragmentManager$OnBackStackChangedListener
io.flutter.embedding.engine.systemchannels.TextInputChannel:
    private static final java.lang.String TAG
kotlin.jvm.internal.ClassReference